<?xml version="1.0" encoding="UTF-8"?>
<!-- Generated by org.testng.reporters.JUnitReportReporter -->
<testsuite hostname="DESKTOP-0FPO0BM" failures="0" tests="1" name="frame4.Child_1" time="9.837" errors="0" timestamp="2024-11-26T11:42:37 IST" skipped="0">
  <testcase classname="frame4.Child_1" name="mid_1" time="9.837"/>
</testsuite> <!-- frame4.Child_1 -->
