<?xml version="1.0" encoding="UTF-8"?>
<!-- Generated by org.testng.reporters.JUnitReportReporter -->
<testsuite hostname="DESKTOP-0FPO0BM" failures="0" tests="2" name="frame2.Child" time="9.554" errors="0" timestamp="2024-11-12T11:15:54 IST" skipped="0">
  <testcase classname="frame2.Child" name="shop" time="3.454"/>
  <testcase classname="frame2.Child" name="mid" time="6.100"/>
</testsuite> <!-- frame2.Child -->
