<?xml version="1.0" encoding="UTF-8"?>
<!-- Generated by org.testng.reporters.JUnitReportReporter -->
<testsuite hostname="DESKTOP-0FPO0BM" failures="0" tests="1" name="frame4.parent_1" time="6.045" errors="0" timestamp="2024-11-12T11:14:30 IST" skipped="0">
  <testcase classname="frame4.parent_1" name="demo" time="6.045"/>
</testsuite> <!-- frame4.parent_1 -->
